Determining if the pthread_create exist failed with the following output:
Change Dir: /home/jasona/catkin_ws/build/CMakeFiles/CMakeTmp

Run Build Command:"/usr/bin/make" "cmTC_7952b/fast"
/usr/bin/make -f CMakeFiles/cmTC_7952b.dir/build.make CMakeFiles/cmTC_7952b.dir/build
make[1]: Entering directory '/home/jasona/catkin_ws/build/CMakeFiles/CMakeTmp'
Building C object CMakeFiles/cmTC_7952b.dir/CheckSymbolExists.c.o
/usr/bin/cc    -o CMakeFiles/cmTC_7952b.dir/CheckSymbolExists.c.o   -c /home/jasona/catkin_ws/build/CMakeFiles/CMakeTmp/CheckSymbolExists.c
Linking C executable cmTC_7952b
/usr/bin/cmake -E cmake_link_script CMakeFiles/cmTC_7952b.dir/link.txt --verbose=1
/usr/bin/cc      -rdynamic CMakeFiles/cmTC_7952b.dir/CheckSymbolExists.c.o  -o cmTC_7952b 
CMakeFiles/cmTC_7952b.dir/CheckSymbolExists.c.o: In function `main':
CheckSymbolExists.c:(.text+0x14): undefined reference to `pthread_create'
CheckSymbolExists.c:(.text+0x18): undefined reference to `pthread_create'
collect2: error: ld returned 1 exit status
CMakeFiles/cmTC_7952b.dir/build.make:97: recipe for target 'cmTC_7952b' failed
make[1]: *** [cmTC_7952b] Error 1
make[1]: Leaving directory '/home/jasona/catkin_ws/build/CMakeFiles/CMakeTmp'
Makefile:126: recipe for target 'cmTC_7952b/fast' failed
make: *** [cmTC_7952b/fast] Error 2

File /home/jasona/catkin_ws/build/CMakeFiles/CMakeTmp/CheckSymbolExists.c:
/* */
#include <pthread.h>

int main(int argc, char** argv)
{
  (void)argv;
#ifndef pthread_create
  return ((int*)(&pthread_create))[argc];
#else
  (void)argc;
  return 0;
#endif
}

Determining if the function pthread_create exists in the pthreads failed with the following output:
Change Dir: /home/jasona/catkin_ws/build/CMakeFiles/CMakeTmp

Run Build Command:"/usr/bin/make" "cmTC_a1beb/fast"
/usr/bin/make -f CMakeFiles/cmTC_a1beb.dir/build.make CMakeFiles/cmTC_a1beb.dir/build
make[1]: Entering directory '/home/jasona/catkin_ws/build/CMakeFiles/CMakeTmp'
Building C object CMakeFiles/cmTC_a1beb.dir/CheckFunctionExists.c.o
/usr/bin/cc   -DCHECK_FUNCTION_EXISTS=pthread_create   -o CMakeFiles/cmTC_a1beb.dir/CheckFunctionExists.c.o   -c /usr/share/cmake-3.10/Modules/CheckFunctionExists.c
Linking C executable cmTC_a1beb
/usr/bin/cmake -E cmake_link_script CMakeFiles/cmTC_a1beb.dir/link.txt --verbose=1
/usr/bin/cc  -DCHECK_FUNCTION_EXISTS=pthread_create    -rdynamic CMakeFiles/cmTC_a1beb.dir/CheckFunctionExists.c.o  -o cmTC_a1beb -lpthreads 
/usr/bin/ld: cannot find -lpthreads
collect2: error: ld returned 1 exit status
CMakeFiles/cmTC_a1beb.dir/build.make:97: recipe for target 'cmTC_a1beb' failed
make[1]: *** [cmTC_a1beb] Error 1
make[1]: Leaving directory '/home/jasona/catkin_ws/build/CMakeFiles/CMakeTmp'
Makefile:126: recipe for target 'cmTC_a1beb/fast' failed
make: *** [cmTC_a1beb/fast] Error 2


